dmacman_IMPORTS_start
I_dmac_request
I_dmac_transfer
I_dmac_ch_set_dpcr
I_dmac_enable
dmacman_IMPORTS_end

#ifndef MMCEDRV
iomanX_IMPORTS_start
I_iomanX_AddDrv
I_iomanX_DelDrv
iomanX_IMPORTS_end
#endif

intrman_IMPORTS_start
I_DisableIntr
I_EnableIntr
I_RegisterIntrHandler
I_ReleaseIntrHandler
I_CpuSuspendIntr
I_CpuResumeIntr
intrman_IMPORTS_end

loadcore_IMPORTS_start
I_GetLoadcoreInternalData
I_RegisterLibraryEntries
loadcore_IMPORTS_end

stdio_IMPORTS_start
I_printf
stdio_IMPORTS_end

sysclib_IMPORTS_start
I_memset
I_strlen
I_strcpy
I_strcmp
sysclib_IMPORTS_end

thsemap_IMPORTS_start
I_CreateSema
I_WaitSema
I_SignalSema
I_DeleteSema
thsemap_IMPORTS_end

thevent_IMPORTS_start
I_CreateEventFlag
I_DeleteEventFlag
//I_SetEventFlag
I_iSetEventFlag
I_ClearEventFlag
I_WaitEventFlag
thevent_IMPORTS_end